{"program@execute@image-write-2d": {"returncode": 1, "subtests": {"__type__": "Subtests"}, "time": {"end": 1473479633.2994833, "__type__": "TimeAttribute", "start": 1473479629.661792}, "out": "## Test: 2D image writing (/home/vesely/piglit/tests/cl/program/program-tester.c) ##\n\n# Platform supporting only version 1.1. Running test on that version.\n# Running on:\n#   Platform: Clover\n#   Device: AMD TURKS (DRM 2.45.0 / 4.7.2-201.fc24.x86_64, LLVM 4.0.0)\n#   OpenCL version: 1.2\n#   OpenCL C version: 1.1\n#   Build options:  -cl-std=CL1.1\nBuild log for device AMD TURKS (DRM 2.45.0 / 4.7.2-201.fc24.x86_64, LLVM 4.0.0):\n -------- \ninput.cl:62:24: error: no matching function for call to 'get_image_width'\n/home/vesely/.local/include/clc/image/image.h:1:29: note: candidate function not viable: no known conversion from '__write_only image2d_t' to '__read_only image2d_t' for 1st argument\n/home/vesely/.local/include/clc/image/image.h:2:29: note: candidate function not viable: no known conversion from '__write_only image2d_t' to '__read_only image3d_t' for 1st argument\ninput.cl:64:15: error: passing '__write_only image2d_t' to parameter of incompatible type '__read_only image2d_t'\n/home/vesely/.local/include/clc/image/image.h:19:24: note: passing argument to parameter 'image' here\ninput.cl:70:24: error: no matching function for call to 'get_image_width'\n/home/vesely/.local/include/clc/image/image.h:1:29: note: candidate function not viable: no known conversion from '__write_only image2d_t' to '__read_only image2d_t' for 1st argument\n/home/vesely/.local/include/clc/image/image.h:2:29: note: candidate function not viable: no known conversion from '__write_only image2d_t' to '__read_only image3d_t' for 1st argument\ninput.cl:72:15: error: passing '__write_only image2d_t' to parameter of incompatible type '__read_only image2d_t'\n/home/vesely/.local/include/clc/image/image.h:21:24: note: passing argument to parameter 'image' here\ninput.cl:78:24: error: no matching function for call to 'get_image_width'\n/home/vesely/.local/include/clc/image/image.h:1:29: note: candidate function not viable: no known conversion from '__write_only image2d_t' to '__read_only image2d_t' for 1st argument\n/home/vesely/.local/include/clc/image/image.h:2:29: note: candidate function not viable: no known conversion from '__write_only image2d_t' to '__read_only image3d_t' for 1st argument\ninput.cl:80:16: error: passing '__write_only image2d_t' to parameter of incompatible type '__read_only image2d_t'\n/home/vesely/.local/include/clc/image/image.h:23:25: note: passing argument to parameter 'image' here\n\n -------- \n# Result:\n", "__type__": "TestResult", "environment": "PIGLIT_SOURCE_DIR=\"/home/vesely/piglit\" PIGLIT_PLATFORM=\"mixed_glx_egl\"", "pid": 2229, "result": "fail", "dmesg": "", "command": "/home/vesely/piglit/bin/cl-program-tester /home/vesely/piglit/tests/cl/program/execute/image-write-2d.cl", "exception": null, "err": "Could not build program: CL_BUILD_PROGRAM_FAILURE\n", "traceback": null}}