{"program@execute@image-write-2d": {"__type__": "TestResult", "command": "/home/vesely/piglit/bin/cl-program-tester /home/vesely/piglit/tests/cl/program/execute/image-write-2d.cl", "environment": "PIGLIT_SOURCE_DIR=\"/home/vesely/piglit\" PIGLIT_PLATFORM=\"mixed_glx_egl\"", "err": "Could not build program: CL_BUILD_PROGRAM_FAILURE\n", "out": "## Test: 2D image writing (/home/vesely/piglit/tests/cl/program/program-tester.c) ##\n\n# Platform supporting only version 1.1. Running test on that version.\n# Running on:\n#   Platform: Clover\n#   Device: AMD TURKS (DRM 2.50.0 / 5.0.3-200.fc29.x86_64, LLVM 4.0.1)\n#   OpenCL version: 2.0\n#   OpenCL C version: 1.1\n#   Build options:  -cl-std=CL1.1\nBuild log for device AMD TURKS (DRM 2.50.0 / 5.0.3-200.fc29.x86_64, LLVM 4.0.1):\n -------- \ninput.cl:62:24: error: no matching function for call to 'get_image_width'\n/usr/local/llvm-4/include/clc/image/image.h:1:29: note: candidate function not viable: no known conversion from '__write_only image2d_t' to '__read_only image2d_t' for 1st argument\n/usr/local/llvm-4/include/clc/image/image.h:2:29: note: candidate function not viable: no known conversion from '__write_only image2d_t' to '__read_only image3d_t' for 1st argument\ninput.cl:64:15: error: passing '__write_only image2d_t' to parameter of incompatible type '__read_only image2d_t'\n/usr/local/llvm-4/include/clc/image/image.h:19:24: note: passing argument to parameter 'image' here\ninput.cl:70:24: error: no matching function for call to 'get_image_width'\n/usr/local/llvm-4/include/clc/image/image.h:1:29: note: candidate function not viable: no known conversion from '__write_only image2d_t' to '__read_only image2d_t' for 1st argument\n/usr/local/llvm-4/include/clc/image/image.h:2:29: note: candidate function not viable: no known conversion from '__write_only image2d_t' to '__read_only image3d_t' for 1st argument\ninput.cl:72:15: error: passing '__write_only image2d_t' to parameter of incompatible type '__read_only image2d_t'\n/usr/local/llvm-4/include/clc/image/image.h:21:24: note: passing argument to parameter 'image' here\ninput.cl:78:24: error: no matching function for call to 'get_image_width'\n/usr/local/llvm-4/include/clc/image/image.h:1:29: note: candidate function not viable: no known conversion from '__write_only image2d_t' to '__read_only image2d_t' for 1st argument\n/usr/local/llvm-4/include/clc/image/image.h:2:29: note: candidate function not viable: no known conversion from '__write_only image2d_t' to '__read_only image3d_t' for 1st argument\ninput.cl:80:16: error: passing '__write_only image2d_t' to parameter of incompatible type '__read_only image2d_t'\n/usr/local/llvm-4/include/clc/image/image.h:23:25: note: passing argument to parameter 'image' here\n\n -------- \n# Result:\n", "result": "fail", "returncode": 1, "subtests": {"__type__": "Subtests"}, "time": {"start": 1554154302.3086612, "end": 1554154302.8973002, "__type__": "TimeAttribute"}, "exception": null, "traceback": null, "dmesg": "", "pid": [19593]}}